<?xml version="1.0" encoding="UTF-8"?>
<!-- Generated by org.testng.reporters.JUnitReportReporter -->
<testsuite hostname="DESKTOP-13PFGR3" failures="0" tests="2" name="qaclickacademy.AppiumTest" time="0.019" errors="0" timestamp="2021-03-11T13:22:21 IST" skipped="0">
  <testcase classname="qaclickacademy.AppiumTest" name="android" time="0.001"/>
  <system-out/>
  <testcase classname="qaclickacademy.AppiumTest" name="Apple" time="0.018"/>
  <system-out/>
</testsuite> <!-- qaclickacademy.AppiumTest -->
