<?xml version="1.0" encoding="UTF-8"?>
<!-- Generated by org.testng.reporters.JUnitReportReporter -->
<testsuite hostname="DESKTOP-13PFGR3" failures="0" tests="2" name="qaclickacademy.SeleniumTest" time="0.001" errors="0" timestamp="2021-03-11T13:22:21 IST" skipped="0">
  <testcase classname="qaclickacademy.SeleniumTest" name="Manual" time="0.000"/>
  <system-out/>
  <testcase classname="qaclickacademy.SeleniumTest" name="autmaion" time="0.001"/>
  <system-out/>
</testsuite> <!-- qaclickacademy.SeleniumTest -->
